<?xml version="1.0" encoding="UTF-8"?>
<testsuite xmlns:xsi="http://www.w3.org/2001/XMLSchema-instance" xsi:noNamespaceSchemaLocation="https://maven.apache.org/surefire/maven-surefire-plugin/xsd/surefire-test-report.xsd" name="TestSuite" time="57.148" tests="2" errors="0" skipped="0" failures="0">
  <properties>
[...]
</properties>
  <testcase name="verifyLogin" classname="com.TestCases.VerifyAgentLogin" time="19.168"/>
  <testcase name="VerifyCreateQuote" classname="com.TestCases.VerifyAgentCreateQuote" time="35.557"/>
</testsuite>